<?xml version="1.0" encoding="UTF-8"?>
<!-- Generated by org.testng.reporters.JUnitXMLReporter -->
<testsuite hostname="spacedeiMac-4.local" ignored="0" name="NewTest1" tests="13" failures="0" timestamp="28 六月 2019 09:24:29 GMT" time="95.105" errors="0">
  <testcase name="login" time="9.006" classname="com.selenium.testCase.LoginTest"/>
  <testcase name="delBuild" time="8.68" classname="com.selenium.testCase.DormitoryDelBuildTest"/>
  <testcase name="delRoom" time="6.369" classname="com.selenium.testCase.DormitoryDelBuildTest"/>
  <testcase name="entryRoom" time="4.121" classname="com.selenium.testCase.DormitoryDelBuildTest"/>
  <testcase name="delStuTest" time="18.197" classname="com.selenium.testCase.DormitoryDelBuildTest"/>
  <testcase name="testAddBuild" time="2.428" classname="com.selenium.testCase.DormitoryAddBuildTest"/>
  <testcase name="testAddRoom" time="9.76" classname="com.selenium.testCase.DormitoryAddBuildTest"/>
  <testcase name="entryRoom" time="4.122" classname="com.selenium.testCase.DormitoryAddBuildTest"/>
  <testcase name="testAddStu" time="6.645" classname="com.selenium.testCase.DormitoryAddBuildTest"/>
  <testcase name="testAddStu" time="3.389" classname="com.selenium.testCase.DormitoryAddBuildTest"/>
  <testcase name="testAddStu" time="3.395" classname="com.selenium.testCase.DormitoryAddBuildTest"/>
  <testcase name="testAddStu" time="3.365" classname="com.selenium.testCase.DormitoryAddBuildTest"/>
  <testcase name="testAddStu" time="3.381" classname="com.selenium.testCase.DormitoryAddBuildTest"/>
</testsuite> <!-- NewTest1 -->
