<?xml version="1.0" encoding="UTF-8"?>
<!-- Generated by org.testng.reporters.JUnitXMLReporter -->
<testsuite hostname="spacedeiMac-4.local" ignored="2" name="NewTest1" tests="2" failures="0" timestamp="17 六月 2019 08:41:37 GMT" time="16.871" errors="0">
  <testcase name="entryRoom" time="4.144" classname="com.selenium.testCase.DormitoryDelBuildTest"/>
  <testcase name="delStuTest" time="5.641" classname="com.selenium.testCase.DormitoryDelBuildTest"/>
  <testcase name="delBuild" time="0.0" classname="com.selenium.testCase.DormitoryDelBuildTest">
    <ignored/>
  </testcase> <!-- delBuild -->
  <testcase name="delRoom" time="0.0" classname="com.selenium.testCase.DormitoryDelBuildTest">
    <ignored/>
  </testcase> <!-- delRoom -->
</testsuite> <!-- NewTest1 -->
