<?xml version="1.0" encoding="UTF-8"?>
<testng-results skipped="0" failed="0" ignored="2" total="4" passed="2">
  <reporter-output>
  </reporter-output>
  <suite name="Suite" duration-ms="16871" started-at="2019-06-17T08:41:20Z" finished-at="2019-06-17T08:41:37Z">
    <groups>
    </groups>
    <test name="NewTest1" duration-ms="16871" started-at="2019-06-17T08:41:20Z" finished-at="2019-06-17T08:41:37Z">
      <class name="com.selenium.testCase.DormitoryDelBuildTest">
        <test-method status="PASS" signature="BeforeClass()[pri:0, instance:com.selenium.testCase.DormitoryDelBuildTest@4566e5bd]" name="BeforeClass" is-config="true" duration-ms="7074" started-at="2019-06-17T16:41:20Z" finished-at="2019-06-17T16:41:27Z">
          <reporter-output>
          </reporter-output>
        </test-method> <!-- BeforeClass -->
        <test-method status="PASS" signature="entryRoom()[pri:0, instance:com.selenium.testCase.DormitoryDelBuildTest@4566e5bd]" name="entryRoom" duration-ms="4144" started-at="2019-06-17T16:41:27Z" finished-at="2019-06-17T16:41:31Z">
          <reporter-output>
          </reporter-output>
        </test-method> <!-- entryRoom -->
        <test-method status="PASS" signature="delStuTest()[pri:0, instance:com.selenium.testCase.DormitoryDelBuildTest@4566e5bd]" name="delStuTest" duration-ms="5641" started-at="2019-06-17T16:41:31Z" depends-on-methods="com.selenium.testCase.DormitoryDelBuildTest.entryRoom" finished-at="2019-06-17T16:41:37Z">
          <reporter-output>
          </reporter-output>
        </test-method> <!-- delStuTest -->
        <test-method status="PASS" signature="afterClass()[pri:0, instance:com.selenium.testCase.DormitoryDelBuildTest@4566e5bd]" name="afterClass" is-config="true" duration-ms="1" started-at="2019-06-17T16:41:37Z" finished-at="2019-06-17T16:41:37Z">
          <reporter-output>
          </reporter-output>
        </test-method> <!-- afterClass -->
      </class> <!-- com.selenium.testCase.DormitoryDelBuildTest -->
    </test> <!-- NewTest1 -->
  </suite> <!-- Suite -->
</testng-results>
