<?xml version="1.0" encoding="UTF-8"?>
<testsuite xmlns:xsi="http://www.w3.org/2001/XMLSchema-instance" xsi:noNamespaceSchemaLocation="https://maven.apache.org/surefire/maven-surefire-plugin/xsd/surefire-test-report.xsd" name="TestSuite" time="95.526" tests="13" errors="0" skipped="0" failures="0">
  <properties>
[...]
</properties>
  <testcase name="login" classname="com.selenium.testCase.LoginTest" time="9.007"/>
  <testcase name="delBuild" classname="com.selenium.testCase.DormitoryDelBuildTest" time="8.681"/>
  <testcase name="delRoom" classname="com.selenium.testCase.DormitoryDelBuildTest" time="6.369"/>
  <testcase name="entryRoom" classname="com.selenium.testCase.DormitoryDelBuildTest" time="4.121"/>
  <testcase name="delStuTest" classname="com.selenium.testCase.DormitoryDelBuildTest" time="18.198"/>
  <testcase name="testAddBuild" classname="com.selenium.testCase.DormitoryAddBuildTest" time="2.428"/>
  <testcase name="testAddRoom" classname="com.selenium.testCase.DormitoryAddBuildTest" time="9.76"/>
  <testcase name="entryRoom" classname="com.selenium.testCase.DormitoryAddBuildTest" time="4.121"/>
  <testcase name="testAddStu" classname="com.selenium.testCase.DormitoryAddBuildTest" time="6.644"/>
  <testcase name="testAddStu" classname="com.selenium.testCase.DormitoryAddBuildTest" time="3.389"/>
  <testcase name="testAddStu" classname="com.selenium.testCase.DormitoryAddBuildTest" time="3.395"/>
  <testcase name="testAddStu" classname="com.selenium.testCase.DormitoryAddBuildTest" time="3.365"/>
  <testcase name="testAddStu" classname="com.selenium.testCase.DormitoryAddBuildTest" time="3.382"/>
</testsuite>