<?xml version="1.0" encoding="UTF-8"?>
<testsuite name="NewTest1"
           tests="6"
           failures="0"
           errors="0"
           skipped="0"
           time="24.304">
  <properties />
  
  
            <testcase name="testAddStu" time="3.369" classname="com.selenium.testCase.DormitoryAddBuildTest" />
                <testcase name="entryRoom" time="4.140" classname="com.selenium.testCase.DormitoryAddBuildTest" />
                <testcase name="testAddStu" time="3.368" classname="com.selenium.testCase.DormitoryAddBuildTest" />
                <testcase name="testAddStu" time="6.658" classname="com.selenium.testCase.DormitoryAddBuildTest" />
                <testcase name="testAddStu" time="3.413" classname="com.selenium.testCase.DormitoryAddBuildTest" />
                <testcase name="testAddStu" time="3.356" classname="com.selenium.testCase.DormitoryAddBuildTest" />
      
</testsuite>
