<?xml version="1.0" encoding="UTF-8"?>
<testsuite xmlns:xsi="http://www.w3.org/2001/XMLSchema-instance" xsi:noNamespaceSchemaLocation="https://maven.apache.org/surefire/maven-surefire-plugin/xsd/surefire-test-report.xsd" name="TestSuite" time="116.279" tests="18" errors="0" skipped="0" failures="2">
  <properties>
[...]
</properties>
  <testcase name="login" classname="com.selenium.testCase.LoginTest" time="9.674"/>
  <testcase name="testAddCard" classname="com.selenium.testCase.CardStuTest" time="3.604"/>
  <testcase name="testDelCard" classname="com.selenium.testCase.CardStuTest" time="3.443">
    <failure message="no such element: Unable to locate element: {&quot;method&quot;:&quot;xpath&quot;,&quot;selector&quot;:&quot;//*[@id=&quot;stuCardDetail-datatable&quot;]/tbody/tr/td[2]&quot;}&#10;  (Session info: chrome=73.0.3683.103)&#10;  (Driver info: chromedriver=73.0.3683.68 (47787ec04b6e38e22703e856e101e840b65afe72),platform=Mac OS X 10.14.4 x86_64) (WARNING: The server did not provide any stacktrace information)&#10;Command duration or timeout: 106 milliseconds&#10;For documentation on this error, please visit: http://seleniumhq.org/exceptions/no_such_element.html&#10;Build info: version: &apos;3.4.0&apos;, revision: &apos;unknown&apos;, time: &apos;unknown&apos;&#10;System info: host: &apos;spacedeiMac-2.local&apos;, ip: &apos;10.10.10.32&apos;, os.name: &apos;Mac OS X&apos;, os.arch: &apos;x86_64&apos;, os.version: &apos;10.14.4&apos;, java.version: &apos;1.8.0_211&apos;&#10;Driver info: org.openqa.selenium.chrome.ChromeDriver&#10;Capabilities [{mobileEmulationEnabled=false, timeouts={implicit=0.0, pageLoad=300000.0, script=30000.0}, hasTouchScreen=false, platform=MAC, acceptSslCerts=false, goog:chromeOptions={debuggerAddress=localhost:64395}, acceptInsecureCerts=false, webStorageEnabled=true, browserName=chrome, takesScreenshot=true, javascriptEnabled=true, setWindowRect=true, unexpectedAlertBehaviour=ignore, applicationCacheEnabled=false, rotatable=false, networkConnectionEnabled=false, chrome={chromedriverVersion=73.0.3683.68 (47787ec04b6e38e22703e856e101e840b65afe72), userDataDir=/var/folders/x8/xwg6z06d2k90bg__vlp4lt2w0000gn/T/.com.google.Chrome.b4Oaq1}, takesHeapSnapshot=true, pageLoadStrategy=normal, strictFileInteractability=false, databaseEnabled=false, handlesAlerts=true, version=73.0.3683.103, browserConnectionEnabled=false, proxy=Proxy(), nativeEvents=true, locationContextEnabled=true, cssSelectorsEnabled=true}]&#10;Session ID: 778fa15e39ae7e32f4863269eb9e3f6a&#10;*** Element info: {Using=xpath, value=//*[@id=&quot;stuCardDetail-datatable&quot;]/tbody/tr/td[2]}" type="org.openqa.selenium.NoSuchElementException">org.openqa.selenium.NoSuchElementException: 
no such element: Unable to locate element: {"method":"xpath","selector":"//*[@id="stuCardDetail-datatable"]/tbody/tr/td[2]"}
  (Session info: chrome=73.0.3683.103)
  (Driver info: chromedriver=73.0.3683.68 (47787ec04b6e38e22703e856e101e840b65afe72),platform=Mac OS X 10.14.4 x86_64) (WARNING: The server did not provide any stacktrace information)
Command duration or timeout: 106 milliseconds
For documentation on this error, please visit: http://seleniumhq.org/exceptions/no_such_element.html
Build info: version: '3.4.0', revision: 'unknown', time: 'unknown'
System info: host: 'spacedeiMac-2.local', ip: '10.10.10.32', os.name: 'Mac OS X', os.arch: 'x86_64', os.version: '10.14.4', java.version: '1.8.0_211'
Driver info: org.openqa.selenium.chrome.ChromeDriver
Capabilities [{mobileEmulationEnabled=false, timeouts={implicit=0.0, pageLoad=300000.0, script=30000.0}, hasTouchScreen=false, platform=MAC, acceptSslCerts=false, goog:chromeOptions={debuggerAddress=localhost:64395}, acceptInsecureCerts=false, webStorageEnabled=true, browserName=chrome, takesScreenshot=true, javascriptEnabled=true, setWindowRect=true, unexpectedAlertBehaviour=ignore, applicationCacheEnabled=false, rotatable=false, networkConnectionEnabled=false, chrome={chromedriverVersion=73.0.3683.68 (47787ec04b6e38e22703e856e101e840b65afe72), userDataDir=/var/folders/x8/xwg6z06d2k90bg__vlp4lt2w0000gn/T/.com.google.Chrome.b4Oaq1}, takesHeapSnapshot=true, pageLoadStrategy=normal, strictFileInteractability=false, databaseEnabled=false, handlesAlerts=true, version=73.0.3683.103, browserConnectionEnabled=false, proxy=Proxy(), nativeEvents=true, locationContextEnabled=true, cssSelectorsEnabled=true}]
Session ID: 778fa15e39ae7e32f4863269eb9e3f6a
*** Element info: {Using=xpath, value=//*[@id="stuCardDetail-datatable"]/tbody/tr/td[2]}
	at com.selenium.testCase.CardStuTest.testDelCard(CardStuTest.java:75)
</failure>
    <system-out><![CDATA[[19:19:49] [INFO] - com.selenium.bussiness.CardPro.delcard(CardPro.java:105) - 开始删除卡号---------------
[19:19:49] [INFO] - com.selenium.bussiness.CardPro.searchClass(CardPro.java:30) - 点击班级成功草莓三班
[19:19:51] [INFO] - com.selenium.bussiness.CardPro.delcard(CardPro.java:115) - 点击选择学生成功
[19:19:52] [INFO] - com.selenium.bussiness.CardPro.delcard(CardPro.java:126) - 点击删除卡号
]]></system-out>
  </testcase>
  <testcase name="testExport" classname="com.selenium.testCase.CardStuTest" time="17.045">
    <failure message="expected [false] but found [true]" type="java.lang.AssertionError">java.lang.AssertionError: expected [false] but found [true]
	at com.selenium.testCase.CardStuTest.testExport(CardStuTest.java:61)
</failure>
    <system-out><![CDATA[[19:19:54] [INFO] - com.selenium.bussiness.CardPro.exportCard(CardPro.java:81) - 开始导出卡号---------------
[19:19:54] [INFO] - com.selenium.bussiness.CardPro.exportCard(CardPro.java:82) - 导出前的文件数是19
[19:19:54] [INFO] - com.selenium.bussiness.CardPro.exportCard(CardPro.java:84) - 点击卡片导出按钮
[19:20:09] [INFO] - com.selenium.bussiness.CardPro.exportCard(CardPro.java:92) - 导出后的文件数19
[19:20:09] [INFO] - com.selenium.bussiness.CardPro.exportCard(CardPro.java:97) - 导出卡片失败
]]></system-out>
  </testcase>
  <testcase name="addCard" classname="com.selenium.testCase.CardTeacherTest" time="8.395"/>
  <testcase name="addCard" classname="com.selenium.testCase.CardTeacherTest" time="8.34"/>
  <testcase name="addCard" classname="com.selenium.testCase.CardTeacherTest" time="8.299"/>
  <testcase name="addCard" classname="com.selenium.testCase.CardTeacherTest" time="8.296"/>
  <testcase name="addCard" classname="com.selenium.testCase.CardTeacherTest" time="8.332"/>
  <testcase name="addCard" classname="com.selenium.testCase.CardTeacherTest" time="8.329"/>
  <testcase name="addCard" classname="com.selenium.testCase.CardTeacherTest" time="8.325"/>
  <testcase name="delCard" classname="com.selenium.testCase.CardTeacherTest" time="2.164"/>
  <testcase name="delCard" classname="com.selenium.testCase.CardTeacherTest" time="2.171"/>
  <testcase name="delCard" classname="com.selenium.testCase.CardTeacherTest" time="2.168"/>
  <testcase name="delCard" classname="com.selenium.testCase.CardTeacherTest" time="2.171"/>
  <testcase name="delCard" classname="com.selenium.testCase.CardTeacherTest" time="2.161"/>
  <testcase name="delCard" classname="com.selenium.testCase.CardTeacherTest" time="2.164"/>
  <testcase name="delCard" classname="com.selenium.testCase.CardTeacherTest" time="2.173"/>
</testsuite>